2025-10-26 22:57:28,469 - INFO - [OK] File loaded: 72 rows, columns: ['test_item', 'language', 'prompt']
2025-10-26 22:57:28,470 - INFO - [INFO] Processing model 1/8: microsoft/phi-4
2025-10-26 22:57:28,470 - INFO - [INFO] ===== Starting processing for model: microsoft/phi-4 =====
2025-10-26 22:57:28,470 - INFO - [INFO] Loading model: microsoft/phi-4 (device: cpu)
2025-10-26 22:58:18,843 - INFO - [OK] Model and tokenizer loaded successfully
2025-10-26 22:58:18,852 - INFO - [INFO] Starting sequential processing for microsoft/phi-4
2025-10-26 22:58:18,912 - INFO - [INFO] Found existing answers file: answers\microsoft-phi-4_answers.csv
2025-10-26 22:58:18,915 - INFO - [INFO] Existing progress: 4/72 answers completed
2025-10-26 22:58:18,916 - INFO - [INFO] Resuming from row 5
2025-10-26 22:58:18,919 - INFO - [SKIP] Row 1/72 already completed, skipping
2025-10-26 22:58:18,919 - INFO - [SKIP] Row 2/72 already completed, skipping
2025-10-26 22:58:18,919 - INFO - [SKIP] Row 3/72 already completed, skipping
2025-10-26 22:58:18,919 - INFO - [SKIP] Row 4/72 already completed, skipping
2025-10-26 22:58:18,919 - INFO - [SKIP] Row 5/72 already completed, skipping
2025-10-26 22:58:18,919 - INFO - [SKIP] Row 6/72 already completed, skipping
2025-10-26 22:58:18,919 - INFO - [SKIP] Row 7/72 already completed, skipping
2025-10-26 22:58:18,919 - INFO - [SKIP] Row 8/72 already completed, skipping
2025-10-26 22:58:18,919 - INFO - [SKIP] Row 9/72 already completed, skipping
2025-10-26 22:58:18,919 - INFO - [SKIP] Row 10/72 already completed, skipping
2025-10-26 22:58:18,919 - INFO - [SKIP] Row 11/72 already completed, skipping
2025-10-26 22:58:18,919 - INFO - [SKIP] Row 12/72 already completed, skipping
2025-10-26 22:58:18,919 - INFO - [SKIP] Row 13/72 already completed, skipping
2025-10-26 22:58:18,919 - INFO - [SKIP] Row 14/72 already completed, skipping
2025-10-26 22:58:18,919 - INFO - [SKIP] Row 15/72 already completed, skipping
2025-10-26 22:58:18,919 - INFO - [SKIP] Row 16/72 already completed, skipping
2025-10-26 22:58:18,920 - INFO - [SKIP] Row 17/72 already completed, skipping
2025-10-26 22:58:18,920 - INFO - [SKIP] Row 18/72 already completed, skipping
2025-10-26 22:58:18,920 - INFO - [SKIP] Row 19/72 already completed, skipping
2025-10-26 22:58:18,920 - INFO - [SKIP] Row 20/72 already completed, skipping
2025-10-26 22:58:18,920 - INFO - [SKIP] Row 21/72 already completed, skipping
2025-10-26 22:58:18,920 - INFO - [SKIP] Row 22/72 already completed, skipping
2025-10-26 22:58:18,920 - INFO - [SKIP] Row 23/72 already completed, skipping
2025-10-26 22:58:18,920 - INFO - [SKIP] Row 24/72 already completed, skipping
2025-10-26 22:58:18,920 - INFO - [SKIP] Row 25/72 already completed, skipping
2025-10-26 22:58:18,920 - INFO - [SKIP] Row 26/72 already completed, skipping
2025-10-26 22:58:18,920 - INFO - [SKIP] Row 27/72 already completed, skipping
2025-10-26 22:58:18,920 - INFO - [SKIP] Row 28/72 already completed, skipping
2025-10-26 22:58:18,920 - INFO - [SKIP] Row 29/72 already completed, skipping
2025-10-26 22:58:18,920 - INFO - [SKIP] Row 30/72 already completed, skipping
2025-10-26 22:58:18,920 - INFO - [SKIP] Row 31/72 already completed, skipping
2025-10-26 22:58:18,920 - INFO - [SKIP] Row 32/72 already completed, skipping
2025-10-26 22:58:18,920 - INFO - [SKIP] Row 33/72 already completed, skipping
2025-10-26 22:58:18,920 - INFO - [SKIP] Row 34/72 already completed, skipping
2025-10-26 22:58:18,920 - INFO - [SKIP] Row 35/72 already completed, skipping
2025-10-26 22:58:18,920 - INFO - [SKIP] Row 36/72 already completed, skipping
2025-10-26 22:58:18,920 - INFO - [SKIP] Row 37/72 already completed, skipping
2025-10-26 22:58:18,920 - INFO - [SKIP] Row 38/72 already completed, skipping
2025-10-26 22:58:18,920 - INFO - [SKIP] Row 39/72 already completed, skipping
2025-10-26 22:58:18,920 - INFO - [SKIP] Row 40/72 already completed, skipping
2025-10-26 22:58:18,920 - INFO - [SKIP] Row 41/72 already completed, skipping
2025-10-26 22:58:18,920 - INFO - [SKIP] Row 42/72 already completed, skipping
2025-10-26 22:58:18,920 - INFO - [SKIP] Row 43/72 already completed, skipping
2025-10-26 22:58:18,920 - INFO - [SKIP] Row 44/72 already completed, skipping
2025-10-26 22:58:18,920 - INFO - [SKIP] Row 45/72 already completed, skipping
2025-10-26 22:58:18,920 - INFO - [SKIP] Row 46/72 already completed, skipping
2025-10-26 22:58:18,920 - INFO - [SKIP] Row 47/72 already completed, skipping
2025-10-26 22:58:18,920 - INFO - [SKIP] Row 48/72 already completed, skipping
2025-10-26 22:58:18,920 - INFO - [SKIP] Row 49/72 already completed, skipping
2025-10-26 22:58:18,920 - INFO - [SKIP] Row 50/72 already completed, skipping
2025-10-26 22:58:18,920 - INFO - [SKIP] Row 51/72 already completed, skipping
2025-10-26 22:58:18,920 - INFO - [SKIP] Row 52/72 already completed, skipping
2025-10-26 22:58:18,920 - INFO - [SKIP] Row 53/72 already completed, skipping
2025-10-26 22:58:18,924 - INFO - [SKIP] Row 54/72 already completed, skipping
2025-10-26 22:58:18,924 - INFO - [SKIP] Row 55/72 already completed, skipping
2025-10-26 22:58:18,924 - INFO - [SKIP] Row 56/72 already completed, skipping
2025-10-26 22:58:18,924 - INFO - [SKIP] Row 57/72 already completed, skipping
2025-10-26 22:58:18,924 - INFO - [SKIP] Row 58/72 already completed, skipping
2025-10-26 22:58:18,924 - INFO - [SKIP] Row 59/72 already completed, skipping
2025-10-26 22:58:18,924 - INFO - [SKIP] Row 60/72 already completed, skipping
2025-10-26 22:58:18,924 - INFO - [SKIP] Row 61/72 already completed, skipping
2025-10-26 22:58:18,924 - INFO - [SKIP] Row 62/72 already completed, skipping
2025-10-26 22:58:18,924 - INFO - [SKIP] Row 63/72 already completed, skipping
2025-10-26 22:58:18,924 - INFO - [SKIP] Row 64/72 already completed, skipping
2025-10-26 22:58:18,924 - INFO - [SKIP] Row 65/72 already completed, skipping
2025-10-26 22:58:18,924 - INFO - [SKIP] Row 66/72 already completed, skipping
2025-10-26 22:58:18,924 - INFO - [SKIP] Row 67/72 already completed, skipping
2025-10-26 22:58:18,924 - INFO - [SKIP] Row 68/72 already completed, skipping
2025-10-26 22:58:18,924 - INFO - [SKIP] Row 69/72 already completed, skipping
2025-10-26 22:58:18,924 - INFO - [SKIP] Row 70/72 already completed, skipping
2025-10-26 22:58:18,924 - INFO - [SKIP] Row 71/72 already completed, skipping
2025-10-26 22:58:18,924 - INFO - [SKIP] Row 72/72 already completed, skipping
2025-10-26 22:58:18,924 - INFO - [OK] All rows processed for microsoft/phi-4
2025-10-26 22:58:18,924 - INFO - [OK] ===== Completed processing for model: microsoft/phi-4 =====

2025-10-26 22:58:19,563 - INFO - [OK] Model microsoft/phi-4 completed successfully (1/8)
2025-10-26 22:58:19,563 - INFO - [INFO] Processing model 2/8: tiiuae/falcon-7b-instruct
2025-10-26 22:58:19,564 - INFO - [INFO] ===== Starting processing for model: tiiuae/falcon-7b-instruct =====
2025-10-26 22:58:19,564 - INFO - [INFO] Loading model: tiiuae/falcon-7b-instruct (device: cpu)
